[2025-06-10 16:44:57] === INÍCIO DA REQUISIÇÃO MULTI-TABELA ===
[2025-06-10 16:44:57] METHOD: GET
[2025-06-10 16:44:57] SESSION: {"usuario_id":13,"usuario_nome":"professor teste","usuario_tipo":"professor","usuario_telefone":"63984931303","usuario_foto":"default.png"}
[2025-06-10 16:44:57] Usuário encontrado: {"id":13,"nome":"professor teste","tipo":"professor","origem":"usuarios"}
[2025-06-10 16:44:57] Listando galerias para usuário: 13 (origem: usuarios)
[2025-06-10 16:44:57] Encontradas 2 galerias
[2025-06-10 16:44:57] === FIM DA REQUISIÇÃO MULTI-TABELA ===

[2025-06-10 16:44:58] === INÍCIO DA REQUISIÇÃO MULTI-TABELA ===
[2025-06-10 16:44:58] METHOD: GET
[2025-06-10 16:44:58] SESSION: {"usuario_id":13,"usuario_nome":"professor teste","usuario_tipo":"professor","usuario_telefone":"63984931303","usuario_foto":"default.png"}
[2025-06-10 16:44:58] Usuário encontrado: {"id":13,"nome":"professor teste","tipo":"professor","origem":"usuarios"}
[2025-06-10 16:44:58] === FIM DA REQUISIÇÃO MULTI-TABELA ===

[2025-06-10 16:55:48] === INÍCIO DA REQUISIÇÃO MULTI-TABELA ===
[2025-06-10 16:55:48] METHOD: GET
[2025-06-10 16:55:48] SESSION: {"usuario_id":13,"usuario_nome":"professor teste","usuario_tipo":"professor","usuario_telefone":"63984931303","usuario_foto":"default.png"}
[2025-06-10 16:55:48] Usuário encontrado: {"id":13,"nome":"professor teste","tipo":"professor","origem":"usuarios"}
[2025-06-10 16:55:48] Listando galerias para usuário: 13 (origem: usuarios)
[2025-06-10 16:55:48] Encontradas 2 galerias
[2025-06-10 16:55:48] === FIM DA REQUISIÇÃO MULTI-TABELA ===

[2025-06-10 16:55:51] === INÍCIO DA REQUISIÇÃO MULTI-TABELA ===
[2025-06-10 16:55:51] METHOD: GET
[2025-06-10 16:55:51] SESSION: {"usuario_id":13,"usuario_nome":"professor teste","usuario_tipo":"professor","usuario_telefone":"63984931303","usuario_foto":"default.png"}
[2025-06-10 16:55:51] Usuário encontrado: {"id":13,"nome":"professor teste","tipo":"professor","origem":"usuarios"}
[2025-06-10 16:55:51] === FIM DA REQUISIÇÃO MULTI-TABELA ===

[2025-06-10 16:55:57] === INÍCIO DA REQUISIÇÃO MULTI-TABELA ===
[2025-06-10 16:55:57] METHOD: GET
[2025-06-10 16:55:57] SESSION: {"usuario_id":13,"usuario_nome":"professor teste","usuario_tipo":"professor","usuario_telefone":"63984931303","usuario_foto":"default.png"}
[2025-06-10 16:55:57] Usuário encontrado: {"id":13,"nome":"professor teste","tipo":"professor","origem":"usuarios"}
[2025-06-10 16:55:57] Listando galerias para usuário: 13 (origem: usuarios)
[2025-06-10 16:55:57] Encontradas 2 galerias
[2025-06-10 16:55:57] === FIM DA REQUISIÇÃO MULTI-TABELA ===

[2025-06-10 16:56:48] === INÍCIO DA REQUISIÇÃO MULTI-TABELA ===
[2025-06-10 16:56:48] METHOD: GET
[2025-06-10 16:56:48] SESSION: {"usuario_id":13,"usuario_nome":"professor teste","usuario_tipo":"professor","usuario_telefone":"63984931303","usuario_foto":"default.png"}
[2025-06-10 16:56:48] Usuário encontrado: {"id":13,"nome":"professor teste","tipo":"professor","origem":"usuarios"}
[2025-06-10 16:56:48] Listando galerias para usuário: 13 (origem: usuarios)
[2025-06-10 16:56:48] Encontradas 2 galerias
[2025-06-10 16:56:48] === FIM DA REQUISIÇÃO MULTI-TABELA ===

[2025-06-10 16:56:50] === INÍCIO DA REQUISIÇÃO MULTI-TABELA ===
[2025-06-10 16:56:50] METHOD: GET
[2025-06-10 16:56:50] SESSION: {"usuario_id":13,"usuario_nome":"professor teste","usuario_tipo":"professor","usuario_telefone":"63984931303","usuario_foto":"default.png"}
[2025-06-10 16:56:50] Usuário encontrado: {"id":13,"nome":"professor teste","tipo":"professor","origem":"usuarios"}
[2025-06-10 16:56:50] === FIM DA REQUISIÇÃO MULTI-TABELA ===

[2025-06-10 17:16:49] === INÍCIO DA REQUISIÇÃO MULTI-TABELA ===
[2025-06-10 17:16:49] METHOD: GET
[2025-06-10 17:16:49] SESSION: {"usuario_id":2,"usuario_nome":"Professor Carlos Silva","usuario_tipo":"professor","usuario_foto":""}
[2025-06-10 17:16:49] Usuário encontrado: {"id":2,"nome":"Professor Carlos Silva","tipo":"professor","origem":"usuarios"}
[2025-06-10 17:16:49] Listando galerias para usuário: 2 (origem: usuarios)
[2025-06-10 17:16:49] Encontradas 0 galerias
[2025-06-10 17:16:49] === FIM DA REQUISIÇÃO MULTI-TABELA ===

[2025-06-10 17:16:51] === INÍCIO DA REQUISIÇÃO MULTI-TABELA ===
[2025-06-10 17:16:51] METHOD: GET
[2025-06-10 17:16:51] SESSION: {"usuario_id":2,"usuario_nome":"Professor Carlos Silva","usuario_tipo":"professor","usuario_foto":""}
[2025-06-10 17:16:51] Usuário encontrado: {"id":2,"nome":"Professor Carlos Silva","tipo":"professor","origem":"usuarios"}
[2025-06-10 17:16:51] Listando turmas para usuário: 2 (origem: usuarios)
[2025-06-10 17:16:51] Encontradas 0 turmas
[2025-06-10 17:16:51] === FIM DA REQUISIÇÃO MULTI-TABELA ===

[2025-06-10 17:18:00] === INÍCIO DA REQUISIÇÃO MULTI-TABELA ===
[2025-06-10 17:18:00] METHOD: GET
[2025-06-10 17:18:00] SESSION: {"usuario_id":2,"usuario_nome":"Professor Carlos Silva","usuario_tipo":"professor","usuario_foto":""}
[2025-06-10 17:18:00] Usuário encontrado: {"id":2,"nome":"Professor Carlos Silva","tipo":"professor","origem":"usuarios"}
[2025-06-10 17:18:00] Listando galerias para usuário: 2 (origem: usuarios)
[2025-06-10 17:18:00] Encontradas 0 galerias
[2025-06-10 17:18:00] === FIM DA REQUISIÇÃO MULTI-TABELA ===

[2025-06-10 17:20:26] === INÍCIO DA REQUISIÇÃO MULTI-TABELA ===
[2025-06-10 17:20:26] METHOD: GET
[2025-06-10 17:20:26] SESSION: {"usuario_id":13,"usuario_nome":"professor teste","usuario_tipo":"professor","usuario_telefone":"63984931303","usuario_foto":"default.png"}
[2025-06-10 17:20:26] Usuário encontrado: {"id":13,"nome":"professor teste","tipo":"professor","origem":"usuarios"}
[2025-06-10 17:20:26] Listando galerias para usuário: 13 (origem: usuarios)
[2025-06-10 17:20:26] Encontradas 2 galerias
[2025-06-10 17:20:26] === FIM DA REQUISIÇÃO MULTI-TABELA ===

[2025-06-10 17:20:28] === INÍCIO DA REQUISIÇÃO MULTI-TABELA ===
[2025-06-10 17:20:28] METHOD: GET
[2025-06-10 17:20:28] SESSION: {"usuario_id":13,"usuario_nome":"professor teste","usuario_tipo":"professor","usuario_telefone":"63984931303","usuario_foto":"default.png"}
[2025-06-10 17:20:28] Usuário encontrado: {"id":13,"nome":"professor teste","tipo":"professor","origem":"usuarios"}
[2025-06-10 17:20:28] === FIM DA REQUISIÇÃO MULTI-TABELA ===

[2025-06-10 17:21:03] === INÍCIO DA REQUISIÇÃO MULTI-TABELA ===
[2025-06-10 17:21:03] METHOD: GET
[2025-06-10 17:21:03] SESSION: {"usuario_id":13,"usuario_nome":"professor teste","usuario_tipo":"professor","usuario_telefone":"63984931303","usuario_foto":"default.png"}
[2025-06-10 17:21:03] Usuário encontrado: {"id":13,"nome":"professor teste","tipo":"professor","origem":"usuarios"}
[2025-06-10 17:21:03] Listando galerias para usuário: 13 (origem: usuarios)
[2025-06-10 17:21:03] Encontradas 2 galerias
[2025-06-10 17:21:03] === FIM DA REQUISIÇÃO MULTI-TABELA ===

[2025-06-10 17:21:04] === INÍCIO DA REQUISIÇÃO MULTI-TABELA ===
[2025-06-10 17:21:04] METHOD: GET
[2025-06-10 17:21:04] SESSION: {"usuario_id":13,"usuario_nome":"professor teste","usuario_tipo":"professor","usuario_telefone":"63984931303","usuario_foto":"default.png"}
[2025-06-10 17:21:04] Usuário encontrado: {"id":13,"nome":"professor teste","tipo":"professor","origem":"usuarios"}
[2025-06-10 17:21:04] === FIM DA REQUISIÇÃO MULTI-TABELA ===

[2025-06-10 17:21:22] === INÍCIO DA REQUISIÇÃO MULTI-TABELA ===
[2025-06-10 17:21:22] METHOD: GET
[2025-06-10 17:21:22] SESSION: {"usuario_id":13,"usuario_nome":"professor teste","usuario_tipo":"professor","usuario_telefone":"63984931303","usuario_foto":"default.png"}
[2025-06-10 17:21:22] Usuário encontrado: {"id":13,"nome":"professor teste","tipo":"professor","origem":"usuarios"}
[2025-06-10 17:21:22] Listando galerias para usuário: 13 (origem: usuarios)
[2025-06-10 17:21:22] Encontradas 2 galerias
[2025-06-10 17:21:22] === FIM DA REQUISIÇÃO MULTI-TABELA ===

[2025-06-10 17:21:23] === INÍCIO DA REQUISIÇÃO MULTI-TABELA ===
[2025-06-10 17:21:23] METHOD: GET
[2025-06-10 17:21:23] SESSION: {"usuario_id":13,"usuario_nome":"professor teste","usuario_tipo":"professor","usuario_telefone":"63984931303","usuario_foto":"default.png"}
[2025-06-10 17:21:23] Usuário encontrado: {"id":13,"nome":"professor teste","tipo":"professor","origem":"usuarios"}
[2025-06-10 17:21:23] Listando turmas para usuário: 13 (origem: usuarios)
[2025-06-10 17:21:23] Encontradas 3 turmas
[2025-06-10 17:21:23] === FIM DA REQUISIÇÃO MULTI-TABELA ===

[2025-06-10 17:21:26] === INÍCIO DA REQUISIÇÃO MULTI-TABELA ===
[2025-06-10 17:21:26] METHOD: GET
[2025-06-10 17:21:26] SESSION: {"usuario_id":13,"usuario_nome":"professor teste","usuario_tipo":"professor","usuario_telefone":"63984931303","usuario_foto":"default.png"}
[2025-06-10 17:21:26] Usuário encontrado: {"id":13,"nome":"professor teste","tipo":"professor","origem":"usuarios"}
[2025-06-10 17:21:26] === FIM DA REQUISIÇÃO MULTI-TABELA ===

[2025-06-10 17:26:42] === INÍCIO DA REQUISIÇÃO MULTI-TABELA ===
[2025-06-10 17:26:42] METHOD: GET
[2025-06-10 17:26:42] SESSION: {"usuario_id":2,"usuario_nome":"Professor Carlos Silva","usuario_tipo":"professor","usuario_foto":""}
[2025-06-10 17:26:42] Usuário encontrado: {"id":2,"nome":"Professor Carlos Silva","tipo":"professor","origem":"usuarios"}
[2025-06-10 17:26:42] Listando galerias para usuário: 2 (origem: usuarios)
[2025-06-10 17:26:42] Encontradas 0 galerias
[2025-06-10 17:26:42] === FIM DA REQUISIÇÃO MULTI-TABELA ===

[2025-06-10 17:26:43] === INÍCIO DA REQUISIÇÃO MULTI-TABELA ===
[2025-06-10 17:26:43] METHOD: GET
[2025-06-10 17:26:43] SESSION: {"usuario_id":2,"usuario_nome":"Professor Carlos Silva","usuario_tipo":"professor","usuario_foto":""}
[2025-06-10 17:26:43] Usuário encontrado: {"id":2,"nome":"Professor Carlos Silva","tipo":"professor","origem":"usuarios"}
[2025-06-10 17:26:43] Listando turmas para usuário: 2 (origem: usuarios)
[2025-06-10 17:26:43] Encontradas 0 turmas
[2025-06-10 17:26:43] === FIM DA REQUISIÇÃO MULTI-TABELA ===

[2025-06-10 17:29:06] === INÍCIO DA REQUISIÇÃO MULTI-TABELA ===
[2025-06-10 17:29:06] METHOD: GET
[2025-06-10 17:29:06] SESSION: {"usuario_id":2,"usuario_nome":"Professor Carlos Silva","usuario_tipo":"professor","usuario_foto":""}
[2025-06-10 17:29:06] Usuário encontrado: {"id":2,"nome":"Professor Carlos Silva","tipo":"professor","origem":"usuarios"}
[2025-06-10 17:29:06] Listando galerias para usuário: 2 (origem: usuarios)
[2025-06-10 17:29:06] Encontradas 0 galerias
[2025-06-10 17:29:06] === FIM DA REQUISIÇÃO MULTI-TABELA ===

[2025-06-10 17:29:36] === INÍCIO DA REQUISIÇÃO MULTI-TABELA ===
[2025-06-10 17:29:36] METHOD: GET
[2025-06-10 17:29:36] SESSION: {"usuario_id":2,"usuario_nome":"Professor Carlos Silva","usuario_tipo":"professor","usuario_foto":""}
[2025-06-10 17:29:36] Usuário encontrado: {"id":2,"nome":"Professor Carlos Silva","tipo":"professor","origem":"usuarios"}
[2025-06-10 17:29:36] Listando galerias para usuário: 2 (origem: usuarios)
[2025-06-10 17:29:36] Encontradas 0 galerias
[2025-06-10 17:29:36] === FIM DA REQUISIÇÃO MULTI-TABELA ===

