2025-07-03 11:36:39 - Buscando aluno ID: 142
2025-07-03 11:36:39 - Dados encontrados: Array
(
    [aluno_id] => 142
    [aluno_nome] => Cristiano Ronaldo
    [matricula_id] => 114
    [data_matricula] => 2025-06-09 16:28:49
    [status] => pendente
    [status_programa] => novato
    [turma_id] => 20
    [unidade_id] => 9
    [turma_nome] => turma teste
    [unidade_nome] => BATALHÃO DE POLÍCIA MILITAR DE TERMINAL - BPMTERMINAL (01ºCRPM)
)

2025-07-03 11:36:50 - Buscando aluno ID: 152
2025-07-03 11:36:50 - Dados encontrados: Array
(
    [aluno_id] => 152
    [aluno_nome] => Lionel Messi
    [matricula_id] => 116
    [data_matricula] => 2025-06-09 00:00:00
    [status] => ativo
    [status_programa] => novato
    [turma_id] => 21
    [unidade_id] => 9
    [turma_nome] => TURMA TESTE
    [unidade_nome] => BATALHÃO DE POLÍCIA MILITAR DE TERMINAL - BPMTERMINAL (01ºCRPM)
)

2025-07-03 12:08:51 - Buscando aluno ID: 139
2025-07-03 12:08:51 - Dados encontrados: Array
(
    [aluno_id] => 139
    [aluno_nome] => LUIS FILIPE E SILVA
    [matricula_id] => 111
    [data_matricula] => 2025-06-06 00:00:00
    [status] => ativo
    [status_programa] => monitor
    [turma_id] => 21
    [unidade_id] => 9
    [turma_nome] => TURMA TESTE
    [unidade_nome] => BATALHÃO DE POLÍCIA MILITAR DE TERMINAL - BPMTERMINAL (01ºCRPM)
)

2025-07-03 12:43:54 - Buscando aluno ID: 139
2025-07-03 12:43:54 - Dados encontrados: Array
(
    [aluno_id] => 139
    [aluno_nome] => LUIS FILIPE E SILVA
    [matricula_id] => 111
    [data_matricula] => 2025-06-06 00:00:00
    [status] => ativo
    [status_programa] => monitor
    [turma_id] => 21
    [unidade_id] => 9
    [turma_nome] => TURMA TESTE
    [unidade_nome] => BATALHÃO DE POLÍCIA MILITAR DE TERMINAL - BPMTERMINAL (01ºCRPM)
)

2025-07-03 12:44:03 - Buscando aluno ID: 139
2025-07-03 12:44:03 - Dados encontrados: Array
(
    [aluno_id] => 139
    [aluno_nome] => LUIS FILIPE E SILVA
    [matricula_id] => 111
    [data_matricula] => 2025-06-06 00:00:00
    [status] => ativo
    [status_programa] => monitor
    [turma_id] => 21
    [unidade_id] => 9
    [turma_nome] => TURMA TESTE
    [unidade_nome] => BATALHÃO DE POLÍCIA MILITAR DE TERMINAL - BPMTERMINAL (01ºCRPM)
)

2025-07-03 12:44:35 - Buscando aluno ID: 139
2025-07-03 12:44:35 - Dados encontrados: Array
(
    [aluno_id] => 139
    [aluno_nome] => LUIS FILIPE E SILVA
    [matricula_id] => 111
    [data_matricula] => 2025-06-06 00:00:00
    [status] => ativo
    [status_programa] => monitor
    [turma_id] => 21
    [unidade_id] => 9
    [turma_nome] => TURMA TESTE
    [unidade_nome] => BATALHÃO DE POLÍCIA MILITAR DE TERMINAL - BPMTERMINAL (01ºCRPM)
)

2025-07-04 12:51:21 - Buscando aluno ID: 142
2025-07-04 12:51:21 - Dados encontrados: Array
(
    [aluno_id] => 142
    [aluno_nome] => Cristiano Ronaldo
    [matricula_id] => 114
    [data_matricula] => 2025-06-09 16:28:49
    [status] => pendente
    [status_programa] => novato
    [turma_id] => 20
    [unidade_id] => 9
    [turma_nome] => turma teste
    [unidade_nome] => BATALHÃO DE POLÍCIA MILITAR DE TERMINAL - BPMTERMINAL (01ºCRPM)
)

2025-07-04 12:51:59 - Buscando aluno ID: 162
2025-07-04 12:51:59 - Dados encontrados: Array
(
    [aluno_id] => 162
    [aluno_nome] => João da Silva Teste
    [matricula_id] => 126
    [data_matricula] => 2025-07-03 16:36:24
    [status] => pendente
    [status_programa] => novato
    [turma_id] => 20
    [unidade_id] => 9
    [turma_nome] => turma teste
    [unidade_nome] => BATALHÃO DE POLÍCIA MILITAR DE TERMINAL - BPMTERMINAL (01ºCRPM)
)

