2025-06-30 12:43:58 - Dados recebidos: {"nome_turma":"Teste 1","unidade":"10","professor_responsavel":"13","data_inicio":"2025-06-30","status":0}
2025-06-30 12:43:58 - Dados processados: Array
(
    [nome_turma] => Teste 1
    [unidade] => 10
    [professor_responsavel] => 13
    [data_inicio] => 2025-06-30
    [status] => 0
)

2025-06-30 12:43:58 - SQL: INSERT INTO turma (
        nome_turma, 
        id_unidade, 
        id_professor, 
        capacidade, 
        matriculados, 
        status, 
        dias_aula, 
        horario_inicio, 
        horario_fim
    ) VALUES (?, ?, ?, ?, ?, ?, ?, ?, ?)
2025-06-30 12:43:58 - Parâmetros: Array
(
    [nome_turma] => Teste 1
    [unidade] => 10
    [professor_responsavel] => 13
    [capacidade] => 25
    [matriculados] => 0
    [status] => Planejada
    [dias_aula] => Não definido
    [horario_inicio] => 08:00:00
    [horario_fim] => 10:00:00
)

2025-06-30 12:43:58 - Execução: Sucesso
